<?xml version="1.0" encoding="UTF-8"?>
<testsuite xmlns:xsi="http://www.w3.org/2001/XMLSchema-instance" xsi:noNamespaceSchemaLocation="https://maven.apache.org/surefire/maven-surefire-plugin/xsd/surefire-test-report.xsd" name="Homework4Test" time="0.032" tests="37" errors="0" skipped="0" failures="0">
  <properties>
    <property name="sun.desktop" value="windows"/>
    <property name="awt.toolkit" value="sun.awt.windows.WToolkit"/>
    <property name="file.encoding.pkg" value="sun.io"/>
    <property name="java.specification.version" value="1.8"/>
    <property name="sun.cpu.isalist" value="amd64"/>
    <property name="sun.jnu.encoding" value="Cp1252"/>
    <property name="java.class.path" value="C:\Users\manny\Desktop\ChooseYourOwnHomework\target\test-classes;C:\Users\manny\Desktop\ChooseYourOwnHomework\target\classes;C:\Users\manny\.m2\repository\org\junit\jupiter\junit-jupiter-api\5.4.2\junit-jupiter-api-5.4.2.jar;C:\Users\manny\.m2\repository\org\apiguardian\apiguardian-api\1.0.0\apiguardian-api-1.0.0.jar;C:\Users\manny\.m2\repository\org\opentest4j\opentest4j\1.1.1\opentest4j-1.1.1.jar;C:\Users\manny\.m2\repository\org\junit\platform\junit-platform-commons\1.4.2\junit-platform-commons-1.4.2.jar;C:\Users\manny\.m2\repository\org\junit\jupiter\junit-jupiter-engine\5.4.2\junit-jupiter-engine-5.4.2.jar;C:\Users\manny\.m2\repository\org\junit\platform\junit-platform-engine\1.4.2\junit-platform-engine-1.4.2.jar;C:\Users\manny\.m2\repository\org\junit\jupiter\junit-jupiter-params\5.4.2\junit-jupiter-params-5.4.2.jar;"/>
    <property name="java.vm.vendor" value="Oracle Corporation"/>
    <property name="sun.arch.data.model" value="64"/>
    <property name="user.variant" value=""/>
    <property name="java.vendor.url" value="http://java.oracle.com/"/>
    <property name="user.timezone" value="America/Chicago"/>
    <property name="java.vm.specification.version" value="1.8"/>
    <property name="os.name" value="Windows 10"/>
    <property name="user.country" value="US"/>
    <property name="sun.java.launcher" value="SUN_STANDARD"/>
    <property name="sun.boot.library.path" value="C:\Program Files\Java\jdk1.8.0_241\jre\bin"/>
    <property name="sun.java.command" value="C:\Users\manny\AppData\Local\Temp\surefire5304783219373072308\surefirebooter7853752624329276818.jar C:\Users\manny\AppData\Local\Temp\surefire5304783219373072308 2020-04-23T23-36-35_541-jvmRun1 surefire6599298805436249668tmp surefire_02024163831309199564tmp"/>
    <property name="surefire.test.class.path" value="C:\Users\manny\Desktop\ChooseYourOwnHomework\target\test-classes;C:\Users\manny\Desktop\ChooseYourOwnHomework\target\classes;C:\Users\manny\.m2\repository\org\junit\jupiter\junit-jupiter-api\5.4.2\junit-jupiter-api-5.4.2.jar;C:\Users\manny\.m2\repository\org\apiguardian\apiguardian-api\1.0.0\apiguardian-api-1.0.0.jar;C:\Users\manny\.m2\repository\org\opentest4j\opentest4j\1.1.1\opentest4j-1.1.1.jar;C:\Users\manny\.m2\repository\org\junit\platform\junit-platform-commons\1.4.2\junit-platform-commons-1.4.2.jar;C:\Users\manny\.m2\repository\org\junit\jupiter\junit-jupiter-engine\5.4.2\junit-jupiter-engine-5.4.2.jar;C:\Users\manny\.m2\repository\org\junit\platform\junit-platform-engine\1.4.2\junit-platform-engine-1.4.2.jar;C:\Users\manny\.m2\repository\org\junit\jupiter\junit-jupiter-params\5.4.2\junit-jupiter-params-5.4.2.jar;"/>
    <property name="sun.cpu.endian" value="little"/>
    <property name="user.home" value="C:\Users\manny"/>
    <property name="user.language" value="en"/>
    <property name="java.specification.vendor" value="Oracle Corporation"/>
    <property name="java.home" value="C:\Program Files\Java\jdk1.8.0_241\jre"/>
    <property name="basedir" value="C:\Users\manny\Desktop\ChooseYourOwnHomework"/>
    <property name="file.separator" value="\"/>
    <property name="line.separator" value="&#10;"/>
    <property name="java.vm.specification.vendor" value="Oracle Corporation"/>
    <property name="java.specification.name" value="Java Platform API Specification"/>
    <property name="java.awt.graphicsenv" value="sun.awt.Win32GraphicsEnvironment"/>
    <property name="surefire.real.class.path" value="C:\Users\manny\AppData\Local\Temp\surefire5304783219373072308\surefirebooter7853752624329276818.jar"/>
    <property name="sun.boot.class.path" value="C:\Program Files\Java\jdk1.8.0_241\jre\lib\resources.jar;C:\Program Files\Java\jdk1.8.0_241\jre\lib\rt.jar;C:\Program Files\Java\jdk1.8.0_241\jre\lib\sunrsasign.jar;C:\Program Files\Java\jdk1.8.0_241\jre\lib\jsse.jar;C:\Program Files\Java\jdk1.8.0_241\jre\lib\jce.jar;C:\Program Files\Java\jdk1.8.0_241\jre\lib\charsets.jar;C:\Program Files\Java\jdk1.8.0_241\jre\lib\jfr.jar;C:\Program Files\Java\jdk1.8.0_241\jre\classes"/>
    <property name="user.script" value=""/>
    <property name="sun.management.compiler" value="HotSpot 64-Bit Tiered Compilers"/>
    <property name="java.runtime.version" value="1.8.0_241-b07"/>
    <property name="user.name" value="manny"/>
    <property name="path.separator" value=";"/>
    <property name="os.version" value="10.0"/>
    <property name="java.endorsed.dirs" value="C:\Program Files\Java\jdk1.8.0_241\jre\lib\endorsed"/>
    <property name="java.runtime.name" value="Java(TM) SE Runtime Environment"/>
    <property name="file.encoding" value="Cp1252"/>
    <property name="java.vm.name" value="Java HotSpot(TM) 64-Bit Server VM"/>
    <property name="localRepository" value="C:\Users\manny\.m2\repository"/>
    <property name="java.vendor.url.bug" value="http://bugreport.sun.com/bugreport/"/>
    <property name="java.io.tmpdir" value="C:\Users\manny\AppData\Local\Temp\"/>
    <property name="java.version" value="1.8.0_241"/>
    <property name="user.dir" value="C:\Users\manny\Desktop\ChooseYourOwnHomework"/>
    <property name="os.arch" value="amd64"/>
    <property name="java.vm.specification.name" value="Java Virtual Machine Specification"/>
    <property name="java.awt.printerjob" value="sun.awt.windows.WPrinterJob"/>
    <property name="sun.os.patch.level" value=""/>
    <property name="java.library.path" value="C:\Program Files\Java\jdk1.8.0_241\jre\bin;C:\WINDOWS\Sun\Java\bin;C:\WINDOWS\system32;C:\WINDOWS;C:/Program Files/Java/jre1.8.0_241/bin/server;C:/Program Files/Java/jre1.8.0_241/bin;C:/Program Files/Java/jre1.8.0_241/lib/amd64;C:\Program Files (x86)\Common Files\Oracle\Java\javapath;C:\Program Files (x86)\Intel\iCLS Client\;C:\Program Files\Intel\iCLS Client\;C:\WINDOWS\system32;C:\WINDOWS;C:\WINDOWS\System32\Wbem;C:\WINDOWS\System32\WindowsPowerShell\v1.0\;C:\Program Files (x86)\Intel\Intel(R) Management Engine Components\DAL;C:\Program Files\Intel\Intel(R) Management Engine Components\DAL;C:\Program Files (x86)\Intel\Intel(R) Management Engine Components\IPT;C:\Program Files\Intel\Intel(R) Management Engine Components\IPT;c:\Program Files\Intel\WiFi\bin\;c:\Program Files\Common Files\Intel\WirelessCommon\;C:\WINDOWS\System32\OpenSSH\;C:\Users\manny\AppData\Local\Microsoft\WindowsApps;C:\Program Files\Java\jdk1.8.0_241\bin;C:\Program Files\apache-maven-3.6.3\bin;C:\Users\manny\AppData\Local\GitHubDesktop\bin;C:\WINDOWS\System32;;."/>
    <property name="java.vm.info" value="mixed mode"/>
    <property name="java.vendor" value="Oracle Corporation"/>
    <property name="java.vm.version" value="25.241-b07"/>
    <property name="java.ext.dirs" value="C:\Program Files\Java\jdk1.8.0_241\jre\lib\ext;C:\WINDOWS\Sun\Java\lib\ext"/>
    <property name="sun.io.unicode.encoding" value="UnicodeLittle"/>
    <property name="java.class.version" value="52.0"/>
  </properties>
  <testcase name="testStudentDefaultMonth" classname="Homework4Test" time="0.005"/>
  <testcase name="testStudentDefaultDay" classname="Homework4Test" time="0"/>
  <testcase name="invalidCreditsDaySummer" classname="Homework4Test" time="0.001"/>
  <testcase name="testDayApril10" classname="Homework4Test" time="0"/>
  <testcase name="testDayApril11" classname="Homework4Test" time="0"/>
  <testcase name="testDayApril12" classname="Homework4Test" time="0.001"/>
  <testcase name="invalidSemesterDay" classname="Homework4Test" time="0"/>
  <testcase name="testSummerDate" classname="Homework4Test" time="0"/>
  <testcase name="testDayApril1" classname="Homework4Test" time="0.001"/>
  <testcase name="testDayApril2" classname="Homework4Test" time="0"/>
  <testcase name="testDayApril3" classname="Homework4Test" time="0.001"/>
  <testcase name="testDayApril4" classname="Homework4Test" time="0"/>
  <testcase name="testDayApril5" classname="Homework4Test" time="0.001"/>
  <testcase name="testDayApril6" classname="Homework4Test" time="0"/>
  <testcase name="testDayApril7" classname="Homework4Test" time="0.001"/>
  <testcase name="testDayApril8" classname="Homework4Test" time="0.001"/>
  <testcase name="testDayApril9" classname="Homework4Test" time="0.001"/>
  <testcase name="testDayNovember10" classname="Homework4Test" time="0"/>
  <testcase name="testDayNovember11" classname="Homework4Test" time="0.001"/>
  <testcase name="testDayNovember12" classname="Homework4Test" time="0"/>
  <testcase name="testSpringDate" classname="Homework4Test" time="0"/>
  <testcase name="testStudentSpring" classname="Homework4Test" time="0.001"/>
  <testcase name="testStudentSummer" classname="Homework4Test" time="0"/>
  <testcase name="invalidSemesterMonth" classname="Homework4Test" time="0.001"/>
  <testcase name="invalidCreditsDay" classname="Homework4Test" time="0.001"/>
  <testcase name="testFallDate" classname="Homework4Test" time="0"/>
  <testcase name="testStudentFall" classname="Homework4Test" time="0"/>
  <testcase name="testDayNovember1" classname="Homework4Test" time="0"/>
  <testcase name="testDayNovember2" classname="Homework4Test" time="0"/>
  <testcase name="testDayNovember3" classname="Homework4Test" time="0.001"/>
  <testcase name="testDayNovember4" classname="Homework4Test" time="0"/>
  <testcase name="testDayNovember5" classname="Homework4Test" time="0"/>
  <testcase name="testDayNovember6" classname="Homework4Test" time="0.001"/>
  <testcase name="testDayNovember7" classname="Homework4Test" time="0"/>
  <testcase name="testDayNovember8" classname="Homework4Test" time="0.001"/>
  <testcase name="testDayNovember9" classname="Homework4Test" time="0"/>
  <testcase name="testStudentErrorSemester" classname="Homework4Test" time="0"/>
</testsuite>